<?xml version="1.0" encoding="UTF-8"?>
<!-- Generated by org.testng.reporters.JUnitReportReporter -->
<testsuite hostname="DESKTOP-9UB8IQF" failures="0" tests="1" name="testNG.ValidateUserID" time="0.008" errors="0" timestamp="2022-11-18T12:00:05 CST" skipped="0">
  <testcase classname="testNG.ValidateUserID" name="validateUpstoxUserID" time="0.008"/>
  <system-out>
    <![CDATA[UserID validated]]>
  </system-out>
</testsuite> <!-- testNG.ValidateUserID -->
