<?xml version="1.0" encoding="UTF-8"?>
<!-- Generated by org.testng.reporters.JUnitReportReporter -->
<testsuite hostname="DESKTOP-9UB8IQF" failures="0" tests="1" name="testNG.TestNGAnnotations" time="0.010" errors="0" timestamp="2022-11-18T12:11:25 CST" skipped="0">
  <testcase classname="testNG.TestNGAnnotations" name="validateUpstoxUserID" time="0.010"/>
  <system-out>
    <![CDATA[User ID Validated]]>
  </system-out>
</testsuite> <!-- testNG.TestNGAnnotations -->
