<?xml version="1.0" encoding="UTF-8"?>
<!-- Generated by org.testng.reporters.JUnitReportReporter -->
<testsuite hostname="DESKTOP-9UB8IQF" failures="0" tests="2" name="testNG.TestNGClassStudy" time="140.022" errors="0" timestamp="2022-11-17T00:08:15 PST" skipped="0">
  <testcase classname="testNG.TestNGClassStudy" name="f" time="60.382"/>
  <system-out/>
  <testcase classname="testNG.TestNGClassStudy" name="fbLogin" time="79.640"/>
  <system-out/>
</testsuite> <!-- testNG.TestNGClassStudy -->
