<?xml version="1.0" encoding="UTF-8"?>
<!-- Generated by org.testng.reporters.JUnitReportReporter -->
<testsuite hostname="DESKTOP-9UB8IQF" failures="0" tests="2" name="testNGXML.Testing1" time="0.004" errors="0" timestamp="2022-11-21T02:38:02 CST" skipped="0">
  <testcase classname="testNGXML.Testing1" name="B" time="0.002"/>
  <system-out>
    <![CDATA[Method B is running]]>
  </system-out>
  <testcase classname="testNGXML.Testing1" name="D" time="0.002"/>
  <system-out>
    <![CDATA[Method D is running]]>
  </system-out>
</testsuite> <!-- testNGXML.Testing1 -->
