<?xml version="1.0" encoding="UTF-8"?>
<!-- Generated by org.testng.reporters.JUnitReportReporter -->
<testsuite hostname="DESKTOP-9UB8IQF" failures="0" tests="2" name="testNG.NewTest2" time="0.022" errors="0" timestamp="2022-11-17T02:57:21 PST" skipped="0">
  <testcase classname="testNG.NewTest2" name="f" time="0.017"/>
  <system-out>
    <![CDATA[Method f]]>
  </system-out>
  <testcase classname="testNG.NewTest2" name="f1" time="0.005"/>
  <system-out>
    <![CDATA[Method f1]]>
  </system-out>
</testsuite> <!-- testNG.NewTest2 -->
