<?xml version="1.0" encoding="UTF-8"?>
<!-- Generated by org.testng.reporters.JUnitReportReporter -->
<testsuite hostname="DESKTOP-9UB8IQF" failures="0" tests="6" name="testNGKeywords.Priority" time="0.017" errors="0" timestamp="2022-11-19T03:47:45 CST" skipped="2">
  <testcase classname="testNGKeywords.Priority" name="B" time="0.004"/>
  <system-out>
    <![CDATA[B method is running]]>
  </system-out>
  <testcase classname="testNGKeywords.Priority" name="B" time="0.010"/>
  <system-out>
    <![CDATA[B method is running]]>
  </system-out>
  <testcase classname="testNGKeywords.Priority" name="A" time="0.002"/>
  <system-out>
    <![CDATA[A method is running]]>
  </system-out>
  <testcase classname="testNGKeywords.Priority" name="D" time="0.001"/>
  <system-out>
    <![CDATA[D method is running]]>
  </system-out>
  <testcase classname="testNGKeywords.Priority" name="E">
    <skipped/>
  </testcase> <!-- E -->
  <system-out/>
  <testcase classname="testNGKeywords.Priority" name="C">
    <skipped/>
  </testcase> <!-- C -->
  <system-out/>
</testsuite> <!-- testNGKeywords.Priority -->
