<?xml version="1.0" encoding="UTF-8"?>
<!-- Generated by org.testng.reporters.JUnitReportReporter -->
<testsuite hostname="DESKTOP-9UB8IQF" failures="0" tests="2" name="testNG.TestNGStudy" time="30.610" errors="0" timestamp="2022-11-17T02:51:27 PST" skipped="0">
  <testcase classname="testNG.TestNGStudy" name="f" time="20.285"/>
  <system-out/>
  <testcase classname="testNG.TestNGStudy" name="fbLogin" time="10.325"/>
  <system-out/>
</testsuite> <!-- testNG.TestNGStudy -->
