<?xml version="1.0" encoding="UTF-8"?>
<!-- Generated by org.testng.reporters.JUnitReportReporter -->
<testsuite hostname="DESKTOP-9UB8IQF" failures="0" tests="1" name="verificationUsingTestNG.AssertNotEquals" time="0.014" errors="0" timestamp="2022-11-20T09:47:36 CST" skipped="0">
  <testcase classname="verificationUsingTestNG.AssertNotEquals" name="testing" time="0.014"/>
  <system-out/>
</testsuite> <!-- verificationUsingTestNG.AssertNotEquals -->
