<?xml version="1.0" encoding="UTF-8"?>
<!-- Generated by org.testng.reporters.JUnitReportReporter -->
<testsuite hostname="DESKTOP-9UB8IQF" failures="0" tests="2" name="neoStoxTestClasses.ValidateNeoStoxUserName" time="58.091" errors="0" timestamp="2022-12-07T23:41:38 IST" skipped="0">
  <testcase classname="neoStoxTestClasses.ValidateNeoStoxUserName" name="validateUserName" time="31.263"/>
  <system-out>
    <![CDATA[Waiting for6000ms
Getting actual user name 
Getting real actual user name Hi Rupali Malekar
Waiting for6000ms
Getting actual user name 
Getting real actual user name Hi Rupali Malekar
Waiting for600ms
Taking Screenshot]]>
  </system-out>
  <testcase classname="neoStoxTestClasses.ValidateNeoStoxUserName" name="validateAccBalance" time="26.828"/>
  <system-out>
    <![CDATA[Waiting for1000ms
Getting actual baalance
Waiting for1000ms
Getting actual baalance
ACC balance isRs.5,00,000.00]]>
  </system-out>
</testsuite> <!-- neoStoxTestClasses.ValidateNeoStoxUserName -->
