<?xml version="1.0" encoding="UTF-8"?>
<!-- Generated by org.testng.reporters.JUnitReportReporter -->
<testsuite hostname="DESKTOP-9UB8IQF" failures="0" tests="8" name="testNGKeywords.InvocationCount" time="0.050" errors="0" timestamp="2022-11-19T03:35:43 CST" skipped="0">
  <testcase classname="testNGKeywords.InvocationCount" name="myMethod2" time="0.002"/>
  <system-out>
    <![CDATA[My method 2 is running]]>
  </system-out>
  <testcase classname="testNGKeywords.InvocationCount" name="myMethod1" time="0.018"/>
  <system-out>
    <![CDATA[My method 1 is running]]>
  </system-out>
  <testcase classname="testNGKeywords.InvocationCount" name="myMethod3" time="0.012"/>
  <system-out>
    <![CDATA[My method 3 is running]]>
  </system-out>
  <testcase classname="testNGKeywords.InvocationCount" name="myMethod1" time="0.007"/>
  <system-out>
    <![CDATA[My method 1 is running]]>
  </system-out>
  <testcase classname="testNGKeywords.InvocationCount" name="myMethod1" time="0.002"/>
  <system-out>
    <![CDATA[My method 1 is running]]>
  </system-out>
  <testcase classname="testNGKeywords.InvocationCount" name="myMethod2" time="0.004"/>
  <system-out>
    <![CDATA[My method 2 is running]]>
  </system-out>
  <testcase classname="testNGKeywords.InvocationCount" name="myMethod1" time="0.003"/>
  <system-out>
    <![CDATA[My method 1 is running]]>
  </system-out>
  <testcase classname="testNGKeywords.InvocationCount" name="myMethod1" time="0.002"/>
  <system-out>
    <![CDATA[My method 1 is running]]>
  </system-out>
</testsuite> <!-- testNGKeywords.InvocationCount -->
