<?xml version="1.0" encoding="UTF-8"?>
<!-- Generated by org.testng.reporters.JUnitReportReporter -->
<testsuite hostname="DESKTOP-9UB8IQF" failures="0" tests="1" name="serialParallelExecution.MyTest1" time="22.533" errors="0" timestamp="2022-11-21T05:39:07 CST" skipped="0">
  <testcase classname="serialParallelExecution.MyTest1" name="test1" time="22.533"/>
  <system-out/>
</testsuite> <!-- serialParallelExecution.MyTest1 -->
