<?xml version="1.0" encoding="UTF-8"?>
<!-- Generated by org.testng.reporters.JUnitReportReporter -->
<testsuite hostname="DESKTOP-9UB8IQF" failures="0" tests="2" name="testNGXML.Testing2" time="0.013" errors="0" timestamp="2022-11-21T02:38:02 CST" skipped="0">
  <testcase classname="testNGXML.Testing2" name="H" time="0.002"/>
  <system-out>
    <![CDATA[Method H is running]]>
  </system-out>
  <testcase classname="testNGXML.Testing2" name="E" time="0.011"/>
  <system-out>
    <![CDATA[Method E is running]]>
  </system-out>
</testsuite> <!-- testNGXML.Testing2 -->
