<?xml version="1.0" encoding="UTF-8"?>
<!-- Generated by org.testng.reporters.JUnitReportReporter -->
<testsuite hostname="DESKTOP-9UB8IQF" failures="0" tests="1" name="serialParallelExecution.MyTest2" time="23.917" errors="0" timestamp="2022-11-21T05:39:07 CST" skipped="0">
  <testcase classname="serialParallelExecution.MyTest2" name="test2" time="23.917"/>
  <system-out/>
</testsuite> <!-- serialParallelExecution.MyTest2 -->
