<?xml version="1.0" encoding="UTF-8"?>
<!-- Generated by org.testng.reporters.JUnitReportReporter -->
<testsuite hostname="DESKTOP-9UB8IQF" failures="0" tests="1" name="verificationUsingTestNG.Testing" time="28.110" errors="0" timestamp="2022-11-20T08:12:54 CST" skipped="0">
  <testcase classname="verificationUsingTestNG.Testing" name="verifyCheckBoxStatus" time="28.110"/>
  <system-out/>
</testsuite> <!-- verificationUsingTestNG.Testing -->
